<?xml version="1.0" encoding="UTF-8"?>
<!-- Generated by org.testng.reporters.JUnitReportReporter -->
<testsuite hostname="DESKTOP-6CEDLGM" failures="0" tests="11" name="TestScript.MakeMyTripTest" time="173.604" errors="0" timestamp="2022-02-09T17:29:39 IST" skipped="0">
  <testcase classname="TestScript.MakeMyTripTest" name="extentReportFile" time="0.701"/>
  <system-out/>
  <testcase classname="TestScript.MakeMyTripTest" name="LaunchApp" time="18.707"/>
  <system-out/>
  <testcase classname="TestScript.MakeMyTripTest" name="Cabs" time="16.193"/>
  <system-out/>
  <testcase classname="TestScript.MakeMyTripTest" name="Cabs1" time="41.807"/>
  <system-out/>
  <testcase classname="TestScript.MakeMyTripTest" name="search" time="8.930"/>
  <system-out/>
  <testcase classname="TestScript.MakeMyTripTest" name="cabType" time="10.650"/>
  <system-out/>
  <testcase classname="TestScript.MakeMyTripTest" name="GiftCards" time="12.999"/>
  <system-out/>
  <testcase classname="TestScript.MakeMyTripTest" name="GiftCards1" time="46.746"/>
  <system-out/>
  <testcase classname="TestScript.MakeMyTripTest" name="navigation" time="6.830"/>
  <system-out/>
  <testcase classname="TestScript.MakeMyTripTest" name="Hotels" time="5.173"/>
  <system-out/>
  <testcase classname="TestScript.MakeMyTripTest" name="Hotels1" time="4.868"/>
  <system-out/>
</testsuite> <!-- TestScript.MakeMyTripTest -->
