<?xml version="1.0" encoding="UTF-8"?>
<!-- Generated by org.testng.reporters.JUnitReportReporter -->
<testsuite hostname="DESKTOP-6CEDLGM" failures="0" tests="18" name="TestScript.MakeMyTripTest" time="218.199" errors="0" timestamp="2022-02-09T14:15:40 IST" skipped="0">
  <testcase classname="TestScript.MakeMyTripTest" name="extentReportFile" time="0.003"/>
  <system-out/>
  <testcase classname="TestScript.MakeMyTripTest" name="extentReportFile" time="0.243"/>
  <system-out/>
  <testcase classname="TestScript.MakeMyTripTest" name="LaunchApp" time="19.455"/>
  <system-out/>
  <testcase classname="TestScript.MakeMyTripTest" name="LaunchApp" time="13.724"/>
  <system-out/>
  <testcase classname="TestScript.MakeMyTripTest" name="Cabs" time="14.613"/>
  <system-out/>
  <testcase classname="TestScript.MakeMyTripTest" name="Cabs" time="9.814"/>
  <system-out/>
  <testcase classname="TestScript.MakeMyTripTest" name="Cabs1" time="37.904"/>
  <system-out/>
  <testcase classname="TestScript.MakeMyTripTest" name="search" time="10.303"/>
  <system-out/>
  <testcase classname="TestScript.MakeMyTripTest" name="search" time="7.368"/>
  <system-out/>
  <testcase classname="TestScript.MakeMyTripTest" name="cabType" time="8.356"/>
  <system-out/>
  <testcase classname="TestScript.MakeMyTripTest" name="GiftCards" time="9.112"/>
  <system-out/>
  <testcase classname="TestScript.MakeMyTripTest" name="GiftCards" time="14.184"/>
  <system-out/>
  <testcase classname="TestScript.MakeMyTripTest" name="GiftCards1" time="46.290"/>
  <system-out/>
  <testcase classname="TestScript.MakeMyTripTest" name="navigation" time="4.238"/>
  <system-out/>
  <testcase classname="TestScript.MakeMyTripTest" name="navigation" time="5.781"/>
  <system-out/>
  <testcase classname="TestScript.MakeMyTripTest" name="Hotels" time="5.078"/>
  <system-out/>
  <testcase classname="TestScript.MakeMyTripTest" name="Hotels" time="6.533"/>
  <system-out/>
  <testcase classname="TestScript.MakeMyTripTest" name="Hotels1" time="5.200"/>
  <system-out/>
</testsuite> <!-- TestScript.MakeMyTripTest -->
