<?xml version="1.0" encoding="UTF-8"?>
<!-- Generated by org.testng.reporters.JUnitReportReporter -->
<testsuite hostname="LTIN318583" failures="0" tests="10" name="testcases.MakeMyTripMain" time="40.334" errors="0" timestamp="2022-01-03T17:00:43 IST" skipped="0">
  <testcase classname="testcases.MakeMyTripMain" name="LaunchApp" time="5.655"/>
  <system-out/>
  <testcase classname="testcases.MakeMyTripMain" name="Alert" time="0.222"/>
  <system-out/>
  <testcase classname="testcases.MakeMyTripMain" name="Cabs" time="2.210"/>
  <system-out/>
  <testcase classname="testcases.MakeMyTripMain" name="Cabs1" time="19.181"/>
  <system-out/>
  <testcase classname="testcases.MakeMyTripMain" name="GiftCards" time="1.815"/>
  <system-out/>
  <testcase classname="testcases.MakeMyTripMain" name="GiftCards1" time="5.385"/>
  <system-out/>
  <testcase classname="testcases.MakeMyTripMain" name="Screenshot" time="2.183"/>
  <system-out/>
  <testcase classname="testcases.MakeMyTripMain" name="navigation" time="2.900"/>
  <system-out/>
  <testcase classname="testcases.MakeMyTripMain" name="Hotels" time="0.472"/>
  <system-out/>
  <testcase classname="testcases.MakeMyTripMain" name="Hotels1" time="0.311"/>
  <system-out/>
</testsuite> <!-- testcases.MakeMyTripMain -->
