<?xml version="1.0" encoding="UTF-8"?>
<!-- Generated by org.testng.reporters.JUnitReportReporter -->
<testsuite skipped="0" hostname="DESKTOP-6CEDLGM" name="TestScript.MakeMyTripTest" tests="11" failures="0" timestamp="2022-02-08T16:17:59 IST" time="145.263" errors="0">
  <testcase name="extentReportFile" time="0.372" classname="TestScript.MakeMyTripTest"/>
  <system-out/>
  <testcase name="LaunchApp" time="10.489" classname="TestScript.MakeMyTripTest"/>
  <system-out/>
  <testcase name="Cabs" time="9.767" classname="TestScript.MakeMyTripTest"/>
  <system-out/>
  <testcase name="Cabs1" time="36.410" classname="TestScript.MakeMyTripTest"/>
  <system-out/>
  <testcase name="search" time="6.748" classname="TestScript.MakeMyTripTest"/>
  <system-out/>
  <testcase name="cabType" time="6.705" classname="TestScript.MakeMyTripTest"/>
  <system-out/>
  <testcase name="GiftCards" time="13.358" classname="TestScript.MakeMyTripTest"/>
  <system-out/>
  <testcase name="GiftCards1" time="45.103" classname="TestScript.MakeMyTripTest"/>
  <system-out/>
  <testcase name="navigation" time="6.719" classname="TestScript.MakeMyTripTest"/>
  <system-out/>
  <testcase name="Hotels" time="4.738" classname="TestScript.MakeMyTripTest"/>
  <system-out/>
  <testcase name="Hotels1" time="4.854" classname="TestScript.MakeMyTripTest"/>
  <system-out/>
</testsuite> <!-- TestScript.MakeMyTripTest -->
